E0529 16:51:52.246953000 8609795584 fork_posix.cc:76]                  Other threads are currently calling into gRPC, skipping fork() handlers
[INFO] Connected to Unity environment with package version 2.1.0-exp.1 and communication version 1.5.0
[INFO] Connected new brain: Navigation?team=0
Wrapping the env with a `Monitor` wrapper
Wrapping the env in a DummyVecEnv.
---------------------------------
| rollout/           |          |
|    ep_len_mean     | 1.26e+03 |
|    ep_rew_mean     | 3.65e+05 |
| time/              |          |
|    episodes        | 4        |
|    fps             | 24       |
|    time_elapsed    | 201      |
|    total_timesteps | 5022     |
| train/             |          |
|    actor_loss      | -1.6e+04 |
|    critic_loss     | 1.11e+05 |
|    ent_coef        | 2.19     |
|    ent_coef_loss   | -0.86    |
|    learning_rate   | 0.0003   |
|    n_updates       | 104821   |
---------------------------------
---------------------------------
| rollout/           |          |
|    ep_len_mean     | 1.21e+03 |
|    ep_rew_mean     | 2.5e+05  |
| time/              |          |
|    episodes        | 8        |
|    fps             | 24       |
|    time_elapsed    | 387      |
|    total_timesteps | 9688     |
| train/             |          |
|    actor_loss      | -1.9e+04 |
|    critic_loss     | 1.05e+06 |
|    ent_coef        | 3.1      |
|    ent_coef_loss   | -0.201   |
|    learning_rate   | 0.0003   |
|    n_updates       | 109487   |
---------------------------------
---------------------------------
| rollout/           |          |
|    ep_len_mean     | 1.29e+03 |
|    ep_rew_mean     | 3.2e+05  |
| time/              |          |
|    episodes        | 12       |
|    fps             | 24       |
|    time_elapsed    | 620      |
|    total_timesteps | 15501    |
| train/             |          |
|    actor_loss      | -1.3e+04 |
|    critic_loss     | 1.12e+06 |
|    ent_coef        | 3.27     |
|    ent_coef_loss   | -0.752   |
|    learning_rate   | 0.0003   |
|    n_updates       | 115300   |
---------------------------------
----------------------------------
| rollout/           |           |
|    ep_len_mean     | 1.45e+03  |
|    ep_rew_mean     | 2.75e+05  |
| time/              |           |
|    episodes        | 16        |
|    fps             | 24        |
|    time_elapsed    | 925       |
|    total_timesteps | 23124     |
| train/             |           |
|    actor_loss      | -1.22e+04 |
|    critic_loss     | 1.22e+06  |
|    ent_coef        | 3.4       |
|    ent_coef_loss   | 0.0056    |
|    learning_rate   | 0.0003    |
|    n_updates       | 122923    |
----------------------------------
---------------------------------
| rollout/           |          |
|    ep_len_mean     | 1.47e+03 |
|    ep_rew_mean     | 1.65e+05 |
| time/              |          |
|    episodes        | 20       |
|    fps             | 24       |
|    time_elapsed    | 1176     |
|    total_timesteps | 29395    |
| train/             |          |
|    actor_loss      | 1.71e+03 |
|    critic_loss     | 5.87e+04 |
|    ent_coef        | 3.22     |
|    ent_coef_loss   | -0.326   |
|    learning_rate   | 0.0003   |
|    n_updates       | 129194   |
---------------------------------
----------------------------------
| rollout/           |           |
|    ep_len_mean     | 1.37e+03  |
|    ep_rew_mean     | 2.04e+05  |
| time/              |           |
|    episodes        | 24        |
|    fps             | 24        |
|    time_elapsed    | 1319      |
|    total_timesteps | 32964     |
| train/             |           |
|    actor_loss      | -1.24e+04 |
|    critic_loss     | 1.63e+05  |
|    ent_coef        | 3.08      |
|    ent_coef_loss   | 0.169     |
|    learning_rate   | 0.0003    |
|    n_updates       | 132763    |
----------------------------------
----------------------------------
| rollout/           |           |
|    ep_len_mean     | 1.33e+03  |
|    ep_rew_mean     | 2.17e+05  |
| time/              |           |
|    episodes        | 28        |
|    fps             | 24        |
|    time_elapsed    | 1488      |
|    total_timesteps | 37196     |
| train/             |           |
|    actor_loss      | -1.24e+04 |
|    critic_loss     | 4.9e+05   |
|    ent_coef        | 3.07      |
|    ent_coef_loss   | 0.0421    |
|    learning_rate   | 0.0003    |
|    n_updates       | 136995    |
----------------------------------
----------------------------------
| rollout/           |           |
|    ep_len_mean     | 1.33e+03  |
|    ep_rew_mean     | 2.42e+05  |
| time/              |           |
|    episodes        | 32        |
|    fps             | 24        |
|    time_elapsed    | 1705      |
|    total_timesteps | 42601     |
| train/             |           |
|    actor_loss      | -1.24e+04 |
|    critic_loss     | 7.53e+04  |
|    ent_coef        | 3.1       |
|    ent_coef_loss   | 0.141     |
|    learning_rate   | 0.0003    |
|    n_updates       | 142400    |
----------------------------------
----------------------------------
| rollout/           |           |
|    ep_len_mean     | 1.25e+03  |
|    ep_rew_mean     | 2.4e+05   |
| time/              |           |
|    episodes        | 36        |
|    fps             | 24        |
|    time_elapsed    | 1802      |
|    total_timesteps | 45023     |
| train/             |           |
|    actor_loss      | -1.06e+04 |
|    critic_loss     | 2.54e+05  |
|    ent_coef        | 3.26      |
|    ent_coef_loss   | 0.38      |
|    learning_rate   | 0.0003    |
|    n_updates       | 144822    |
----------------------------------
----------------------------------
| rollout/           |           |
|    ep_len_mean     | 1.22e+03  |
|    ep_rew_mean     | 2.57e+05  |
| time/              |           |
|    episodes        | 40        |
|    fps             | 24        |
|    time_elapsed    | 1949      |
|    total_timesteps | 48694     |
| train/             |           |
|    actor_loss      | -2.85e+03 |
|    critic_loss     | 7.23e+05  |
|    ent_coef        | 3.18      |
|    ent_coef_loss   | -0.274    |
|    learning_rate   | 0.0003    |
|    n_updates       | 148493    |
----------------------------------
----------------------------------
| rollout/           |           |
|    ep_len_mean     | 1.19e+03  |
|    ep_rew_mean     | 2.78e+05  |
| time/              |           |
|    episodes        | 44        |
|    fps             | 24        |
|    time_elapsed    | 2100      |
|    total_timesteps | 52468     |
| train/             |           |
|    actor_loss      | -1.66e+04 |
|    critic_loss     | 1.93e+06  |
|    ent_coef        | 3.15      |
|    ent_coef_loss   | 0.119     |
|    learning_rate   | 0.0003    |
|    n_updates       | 152267    |
----------------------------------
----------------------------------
| rollout/           |           |
|    ep_len_mean     | 1.26e+03  |
|    ep_rew_mean     | 3.22e+05  |
| time/              |           |
|    episodes        | 48        |
|    fps             | 24        |
|    time_elapsed    | 2418      |
|    total_timesteps | 60423     |
| train/             |           |
|    actor_loss      | -1.53e+04 |
|    critic_loss     | 1.03e+06  |
|    ent_coef        | 3.45      |
|    ent_coef_loss   | -0.337    |
|    learning_rate   | 0.0003    |
|    n_updates       | 160222    |
----------------------------------
----------------------------------
| rollout/           |           |
|    ep_len_mean     | 1.31e+03  |
|    ep_rew_mean     | 3.56e+05  |
| time/              |           |
|    episodes        | 52        |
|    fps             | 24        |
|    time_elapsed    | 2727      |
|    total_timesteps | 68136     |
| train/             |           |
|    actor_loss      | -1.94e+04 |
|    critic_loss     | 9.76e+04  |
|    ent_coef        | 3.18      |
|    ent_coef_loss   | 0.447     |
|    learning_rate   | 0.0003    |
|    n_updates       | 167935    |
----------------------------------
----------------------------------
| rollout/           |           |
|    ep_len_mean     | 1.32e+03  |
|    ep_rew_mean     | 3.71e+05  |
| time/              |           |
|    episodes        | 56        |
|    fps             | 24        |
|    time_elapsed    | 2949      |
|    total_timesteps | 73682     |
| train/             |           |
|    actor_loss      | -1.93e+04 |
|    critic_loss     | 8.96e+04  |
|    ent_coef        | 3.27      |
|    ent_coef_loss   | -0.363    |
|    learning_rate   | 0.0003    |
|    n_updates       | 173481    |
----------------------------------
----------------------------------
| rollout/           |           |
|    ep_len_mean     | 1.37e+03  |
|    ep_rew_mean     | 3.7e+05   |
| time/              |           |
|    episodes        | 60        |
|    fps             | 8         |
|    time_elapsed    | 10207     |
|    total_timesteps | 81917     |
| train/             |           |
|    actor_loss      | -1.98e+04 |
|    critic_loss     | 9.28e+04  |
|    ent_coef        | 3.17      |
|    ent_coef_loss   | 0.65      |
|    learning_rate   | 0.0003    |
|    n_updates       | 181716    |
----------------------------------
----------------------------------
| rollout/           |           |
|    ep_len_mean     | 1.43e+03  |
|    ep_rew_mean     | 4.03e+05  |
| time/              |           |
|    episodes        | 64        |
|    fps             | 8         |
|    time_elapsed    | 10593     |
|    total_timesteps | 91555     |
| train/             |           |
|    actor_loss      | -1.32e+04 |
|    critic_loss     | 6.16e+05  |
|    ent_coef        | 2.84      |
|    ent_coef_loss   | -0.337    |
|    learning_rate   | 0.0003    |
|    n_updates       | 191354    |
----------------------------------
----------------------------------
| rollout/           |           |
|    ep_len_mean     | 1.39e+03  |
|    ep_rew_mean     | 4e+05     |
| time/              |           |
|    episodes        | 68        |
|    fps             | 8         |
|    time_elapsed    | 10720     |
|    total_timesteps | 94741     |
| train/             |           |
|    actor_loss      | -2.78e+04 |
|    critic_loss     | 3.8e+04   |
|    ent_coef        | 2.81      |
|    ent_coef_loss   | 0.149     |
|    learning_rate   | 0.0003    |
|    n_updates       | 194540    |
----------------------------------
E0529 19:54:05.383859000 8609795584 fork_posix.cc:76]                  Other threads are currently calling into gRPC, skipping fork() handlers
/Users/helloelwin/opt/anaconda3/envs/sim2real/lib/python3.8/site-packages/gym/logger.py:34: UserWarning: [33mWARN: Box bound precision lowered by casting to float32[0m
  warnings.warn(colorize("%s: %s" % ("WARN", msg % args), "yellow"))
