E0529 15:26:35.199780000 8632458752 fork_posix.cc:76]                  Other threads are currently calling into gRPC, skipping fork() handlers
[INFO] Connected to Unity environment with package version 2.1.0-exp.1 and communication version 1.5.0
[INFO] Connected new brain: Navigation?team=0
Using cpu device
Wrapping the env with a `Monitor` wrapper
Wrapping the env in a DummyVecEnv.
----------------------------------
| rollout/           |           |
|    ep_len_mean     | 886       |
|    ep_rew_mean     | 5.15e+05  |
| time/              |           |
|    episodes        | 4         |
|    fps             | 22        |
|    time_elapsed    | 155       |
|    total_timesteps | 3544      |
| train/             |           |
|    actor_loss      | -8.58e+03 |
|    critic_loss     | 1.05e+04  |
|    ent_coef        | 2.65      |
|    ent_coef_loss   | -10.2     |
|    learning_rate   | 0.0003    |
|    n_updates       | 3443      |
----------------------------------
----------------------------------
| rollout/           |           |
|    ep_len_mean     | 918       |
|    ep_rew_mean     | 4.17e+05  |
| time/              |           |
|    episodes        | 8         |
|    fps             | 22        |
|    time_elapsed    | 320       |
|    total_timesteps | 7343      |
| train/             |           |
|    actor_loss      | -1.42e+04 |
|    critic_loss     | 1.1e+05   |
|    ent_coef        | 1.4       |
|    ent_coef_loss   | 1.77      |
|    learning_rate   | 0.0003    |
|    n_updates       | 7242      |
----------------------------------
----------------------------------
| rollout/           |           |
|    ep_len_mean     | 943       |
|    ep_rew_mean     | 3.71e+05  |
| time/              |           |
|    episodes        | 12        |
|    fps             | 22        |
|    time_elapsed    | 492       |
|    total_timesteps | 11320     |
| train/             |           |
|    actor_loss      | -1.86e+04 |
|    critic_loss     | 8.92e+04  |
|    ent_coef        | 0.584     |
|    ent_coef_loss   | -1.07     |
|    learning_rate   | 0.0003    |
|    n_updates       | 11219     |
----------------------------------
----------------------------------
| rollout/           |           |
|    ep_len_mean     | 966       |
|    ep_rew_mean     | 3.46e+05  |
| time/              |           |
|    episodes        | 16        |
|    fps             | 22        |
|    time_elapsed    | 687       |
|    total_timesteps | 15450     |
| train/             |           |
|    actor_loss      | -1.76e+04 |
|    critic_loss     | 2.75e+04  |
|    ent_coef        | 0.588     |
|    ent_coef_loss   | 0.173     |
|    learning_rate   | 0.0003    |
|    n_updates       | 15349     |
----------------------------------
----------------------------------
| rollout/           |           |
|    ep_len_mean     | 1.02e+03  |
|    ep_rew_mean     | 3.66e+05  |
| time/              |           |
|    episodes        | 20        |
|    fps             | 22        |
|    time_elapsed    | 911       |
|    total_timesteps | 20320     |
| train/             |           |
|    actor_loss      | -2.17e+04 |
|    critic_loss     | 3e+05     |
|    ent_coef        | 0.882     |
|    ent_coef_loss   | -0.00127  |
|    learning_rate   | 0.0003    |
|    n_updates       | 20219     |
----------------------------------
----------------------------------
| rollout/           |           |
|    ep_len_mean     | 924       |
|    ep_rew_mean     | 3.38e+05  |
| time/              |           |
|    episodes        | 24        |
|    fps             | 22        |
|    time_elapsed    | 1001      |
|    total_timesteps | 22181     |
| train/             |           |
|    actor_loss      | -2.19e+04 |
|    critic_loss     | 1.81e+05  |
|    ent_coef        | 0.88      |
|    ent_coef_loss   | 0.0193    |
|    learning_rate   | 0.0003    |
|    n_updates       | 22080     |
----------------------------------
----------------------------------
| rollout/           |           |
|    ep_len_mean     | 909       |
|    ep_rew_mean     | 3.44e+05  |
| time/              |           |
|    episodes        | 28        |
|    fps             | 22        |
|    time_elapsed    | 1154      |
|    total_timesteps | 25444     |
| train/             |           |
|    actor_loss      | -2.58e+04 |
|    critic_loss     | 2.57e+04  |
|    ent_coef        | 0.989     |
|    ent_coef_loss   | 0.00971   |
|    learning_rate   | 0.0003    |
|    n_updates       | 25343     |
----------------------------------
----------------------------------
| rollout/           |           |
|    ep_len_mean     | 905       |
|    ep_rew_mean     | 3.51e+05  |
| time/              |           |
|    episodes        | 32        |
|    fps             | 21        |
|    time_elapsed    | 1323      |
|    total_timesteps | 28963     |
| train/             |           |
|    actor_loss      | -2.67e+04 |
|    critic_loss     | 1.23e+06  |
|    ent_coef        | 1.11      |
|    ent_coef_loss   | 0.0198    |
|    learning_rate   | 0.0003    |
|    n_updates       | 28862     |
----------------------------------
----------------------------------
| rollout/           |           |
|    ep_len_mean     | 891       |
|    ep_rew_mean     | 3.5e+05   |
| time/              |           |
|    episodes        | 36        |
|    fps             | 21        |
|    time_elapsed    | 1457      |
|    total_timesteps | 32073     |
| train/             |           |
|    actor_loss      | -3.14e+04 |
|    critic_loss     | 7.29e+04  |
|    ent_coef        | 1.12      |
|    ent_coef_loss   | 0.123     |
|    learning_rate   | 0.0003    |
|    n_updates       | 31972     |
----------------------------------
----------------------------------
| rollout/           |           |
|    ep_len_mean     | 938       |
|    ep_rew_mean     | 3.2e+05   |
| time/              |           |
|    episodes        | 40        |
|    fps             | 22        |
|    time_elapsed    | 1690      |
|    total_timesteps | 37529     |
| train/             |           |
|    actor_loss      | -2.47e+04 |
|    critic_loss     | 2.37e+05  |
|    ent_coef        | 1.22      |
|    ent_coef_loss   | -0.0143   |
|    learning_rate   | 0.0003    |
|    n_updates       | 37428     |
----------------------------------
----------------------------------
| rollout/           |           |
|    ep_len_mean     | 965       |
|    ep_rew_mean     | 3.27e+05  |
| time/              |           |
|    episodes        | 44        |
|    fps             | 22        |
|    time_elapsed    | 1902      |
|    total_timesteps | 42475     |
| train/             |           |
|    actor_loss      | -2.24e+04 |
|    critic_loss     | 1.89e+06  |
|    ent_coef        | 1.44      |
|    ent_coef_loss   | -0.0725   |
|    learning_rate   | 0.0003    |
|    n_updates       | 42374     |
----------------------------------
----------------------------------
| rollout/           |           |
|    ep_len_mean     | 968       |
|    ep_rew_mean     | 3.09e+05  |
| time/              |           |
|    episodes        | 48        |
|    fps             | 22        |
|    time_elapsed    | 2076      |
|    total_timesteps | 46478     |
| train/             |           |
|    actor_loss      | -2.31e+04 |
|    critic_loss     | 7.81e+05  |
|    ent_coef        | 1.32      |
|    ent_coef_loss   | 0.165     |
|    learning_rate   | 0.0003    |
|    n_updates       | 46377     |
----------------------------------
----------------------------------
| rollout/           |           |
|    ep_len_mean     | 974       |
|    ep_rew_mean     | 3.11e+05  |
| time/              |           |
|    episodes        | 52        |
|    fps             | 22        |
|    time_elapsed    | 2259      |
|    total_timesteps | 50634     |
| train/             |           |
|    actor_loss      | -2.16e+04 |
|    critic_loss     | 3.16e+05  |
|    ent_coef        | 1.6       |
|    ent_coef_loss   | -0.0283   |
|    learning_rate   | 0.0003    |
|    n_updates       | 50533     |
----------------------------------
---------------------------------
| rollout/           |          |
|    ep_len_mean     | 988      |
|    ep_rew_mean     | 3.08e+05 |
| time/              |          |
|    episodes        | 56       |
|    fps             | 22       |
|    time_elapsed    | 2461     |
|    total_timesteps | 55325    |
| train/             |          |
|    actor_loss      | -1.9e+04 |
|    critic_loss     | 8.37e+05 |
|    ent_coef        | 1.43     |
|    ent_coef_loss   | 0.0377   |
|    learning_rate   | 0.0003   |
|    n_updates       | 55224    |
---------------------------------
----------------------------------
| rollout/           |           |
|    ep_len_mean     | 996       |
|    ep_rew_mean     | 3.05e+05  |
| time/              |           |
|    episodes        | 60        |
|    fps             | 22        |
|    time_elapsed    | 2652      |
|    total_timesteps | 59786     |
| train/             |           |
|    actor_loss      | -2.06e+04 |
|    critic_loss     | 8.74e+05  |
|    ent_coef        | 1.87      |
|    ent_coef_loss   | -0.418    |
|    learning_rate   | 0.0003    |
|    n_updates       | 59685     |
----------------------------------
----------------------------------
| rollout/           |           |
|    ep_len_mean     | 1.04e+03  |
|    ep_rew_mean     | 3.11e+05  |
| time/              |           |
|    episodes        | 64        |
|    fps             | 22        |
|    time_elapsed    | 2930      |
|    total_timesteps | 66263     |
| train/             |           |
|    actor_loss      | -1.97e+04 |
|    critic_loss     | 1.53e+06  |
|    ent_coef        | 2.11      |
|    ent_coef_loss   | -0.299    |
|    learning_rate   | 0.0003    |
|    n_updates       | 66162     |
----------------------------------
---------------------------------
| rollout/           |          |
|    ep_len_mean     | 1.15e+03 |
|    ep_rew_mean     | 2.69e+05 |
| time/              |          |
|    episodes        | 68       |
|    fps             | 22       |
|    time_elapsed    | 3439     |
|    total_timesteps | 78171    |
| train/             |          |
|    actor_loss      | -1.4e+04 |
|    critic_loss     | 3.14e+05 |
|    ent_coef        | 1.69     |
|    ent_coef_loss   | -0.291   |
|    learning_rate   | 0.0003   |
|    n_updates       | 78070    |
---------------------------------
----------------------------------
| rollout/           |           |
|    ep_len_mean     | 1.18e+03  |
|    ep_rew_mean     | 2.6e+05   |
| time/              |           |
|    episodes        | 72        |
|    fps             | 22        |
|    time_elapsed    | 3718      |
|    total_timesteps | 84608     |
| train/             |           |
|    actor_loss      | -8.74e+03 |
|    critic_loss     | 1.53e+05  |
|    ent_coef        | 1.75      |
|    ent_coef_loss   | -0.146    |
|    learning_rate   | 0.0003    |
|    n_updates       | 84507     |
----------------------------------
----------------------------------
| rollout/           |           |
|    ep_len_mean     | 1.18e+03  |
|    ep_rew_mean     | 2.59e+05  |
| time/              |           |
|    episodes        | 76        |
|    fps             | 22        |
|    time_elapsed    | 3924      |
|    total_timesteps | 89388     |
| train/             |           |
|    actor_loss      | -6.52e+03 |
|    critic_loss     | 1.23e+05  |
|    ent_coef        | 1.94      |
|    ent_coef_loss   | -0.114    |
|    learning_rate   | 0.0003    |
|    n_updates       | 89287     |
----------------------------------
----------------------------------
| rollout/           |           |
|    ep_len_mean     | 1.15e+03  |
|    ep_rew_mean     | 2.59e+05  |
| time/              |           |
|    episodes        | 80        |
|    fps             | 22        |
|    time_elapsed    | 4051      |
|    total_timesteps | 92345     |
| train/             |           |
|    actor_loss      | -8.81e+03 |
|    critic_loss     | 5.68e+04  |
|    ent_coef        | 1.96      |
|    ent_coef_loss   | -0.0629   |
|    learning_rate   | 0.0003    |
|    n_updates       | 92244     |
----------------------------------
----------------------------------
| rollout/           |           |
|    ep_len_mean     | 1.14e+03  |
|    ep_rew_mean     | 2.6e+05   |
| time/              |           |
|    episodes        | 84        |
|    fps             | 22        |
|    time_elapsed    | 4190      |
|    total_timesteps | 95634     |
| train/             |           |
|    actor_loss      | -1.03e+04 |
|    critic_loss     | 8.48e+05  |
|    ent_coef        | 1.99      |
|    ent_coef_loss   | -0.112    |
|    learning_rate   | 0.0003    |
|    n_updates       | 95533     |
----------------------------------
E0529 16:39:39.131586000 8632458752 fork_posix.cc:76]                  Other threads are currently calling into gRPC, skipping fork() handlers
/Users/helloelwin/opt/anaconda3/envs/sim2real/lib/python3.8/site-packages/gym/logger.py:34: UserWarning: [33mWARN: Box bound precision lowered by casting to float32[0m
  warnings.warn(colorize("%s: %s" % ("WARN", msg % args), "yellow"))
