[INFO] Connected to Unity environment with package version 2.1.0-exp.1 and communication version 1.5.0
[INFO] Connected new brain: Navigation?team=0
Wrapping the env with a `Monitor` wrapper
Wrapping the env in a DummyVecEnv.
----------------------------------
| rollout/           |           |
|    ep_len_mean     | 669       |
|    ep_rew_mean     | 2.52e+05  |
| time/              |           |
|    episodes        | 4         |
|    fps             | 25        |
|    time_elapsed    | 107       |
|    total_timesteps | 2677      |
| train/             |           |
|    actor_loss      | -2.33e+04 |
|    critic_loss     | 1.59e+06  |
|    ent_coef        | 12.2      |
|    ent_coef_loss   | -0.508    |
|    learning_rate   | 0.001     |
|    n_updates       | 202376    |
----------------------------------
----------------------------------
| rollout/           |           |
|    ep_len_mean     | 978       |
|    ep_rew_mean     | 3.02e+05  |
| time/              |           |
|    episodes        | 8         |
|    fps             | 24        |
|    time_elapsed    | 313       |
|    total_timesteps | 7827      |
| train/             |           |
|    actor_loss      | -1.72e+04 |
|    critic_loss     | 9.22e+05  |
|    ent_coef        | 8.7       |
|    ent_coef_loss   | -0.393    |
|    learning_rate   | 0.001     |
|    n_updates       | 207526    |
----------------------------------
----------------------------------
| rollout/           |           |
|    ep_len_mean     | 1.21e+03  |
|    ep_rew_mean     | 2.9e+05   |
| time/              |           |
|    episodes        | 12        |
|    fps             | 24        |
|    time_elapsed    | 581       |
|    total_timesteps | 14533     |
| train/             |           |
|    actor_loss      | -1.08e+04 |
|    critic_loss     | 8.36e+05  |
|    ent_coef        | 7.34      |
|    ent_coef_loss   | -0.665    |
|    learning_rate   | 0.001     |
|    n_updates       | 214232    |
----------------------------------
----------------------------------
| rollout/           |           |
|    ep_len_mean     | 1.07e+03  |
|    ep_rew_mean     | 2.94e+05  |
| time/              |           |
|    episodes        | 16        |
|    fps             | 24        |
|    time_elapsed    | 685       |
|    total_timesteps | 17133     |
| train/             |           |
|    actor_loss      | -1.17e+04 |
|    critic_loss     | 5.79e+05  |
|    ent_coef        | 8.36      |
|    ent_coef_loss   | -0.443    |
|    learning_rate   | 0.001     |
|    n_updates       | 216832    |
----------------------------------
---------------------------------
| rollout/           |          |
|    ep_len_mean     | 1.08e+03 |
|    ep_rew_mean     | 2.9e+05  |
| time/              |          |
|    episodes        | 20       |
|    fps             | 24       |
|    time_elapsed    | 862      |
|    total_timesteps | 21569    |
| train/             |          |
|    actor_loss      | -1.6e+04 |
|    critic_loss     | 1.09e+06 |
|    ent_coef        | 8.41     |
|    ent_coef_loss   | -0.162   |
|    learning_rate   | 0.001    |
|    n_updates       | 221268   |
---------------------------------
----------------------------------
| rollout/           |           |
|    ep_len_mean     | 1.17e+03  |
|    ep_rew_mean     | 2.94e+05  |
| time/              |           |
|    episodes        | 24        |
|    fps             | 24        |
|    time_elapsed    | 1128      |
|    total_timesteps | 28198     |
| train/             |           |
|    actor_loss      | -1.14e+04 |
|    critic_loss     | 3.02e+05  |
|    ent_coef        | 6.83      |
|    ent_coef_loss   | -0.358    |
|    learning_rate   | 0.001     |
|    n_updates       | 227897    |
----------------------------------
----------------------------------
| rollout/           |           |
|    ep_len_mean     | 1.15e+03  |
|    ep_rew_mean     | 3.14e+05  |
| time/              |           |
|    episodes        | 28        |
|    fps             | 24        |
|    time_elapsed    | 1291      |
|    total_timesteps | 32277     |
| train/             |           |
|    actor_loss      | -1.64e+04 |
|    critic_loss     | 3.12e+06  |
|    ent_coef        | 6.23      |
|    ent_coef_loss   | -0.317    |
|    learning_rate   | 0.001     |
|    n_updates       | 231976    |
----------------------------------
----------------------------------
| rollout/           |           |
|    ep_len_mean     | 1.19e+03  |
|    ep_rew_mean     | 3.21e+05  |
| time/              |           |
|    episodes        | 32        |
|    fps             | 24        |
|    time_elapsed    | 1521      |
|    total_timesteps | 38039     |
| train/             |           |
|    actor_loss      | -1.38e+04 |
|    critic_loss     | 1.08e+05  |
|    ent_coef        | 5.83      |
|    ent_coef_loss   | -0.0398   |
|    learning_rate   | 0.001     |
|    n_updates       | 237738    |
----------------------------------
----------------------------------
| rollout/           |           |
|    ep_len_mean     | 1.3e+03   |
|    ep_rew_mean     | 3.29e+05  |
| time/              |           |
|    episodes        | 36        |
|    fps             | 24        |
|    time_elapsed    | 1870      |
|    total_timesteps | 46759     |
| train/             |           |
|    actor_loss      | -1.04e+04 |
|    critic_loss     | 9.93e+05  |
|    ent_coef        | 5.31      |
|    ent_coef_loss   | -0.0558   |
|    learning_rate   | 0.001     |
|    n_updates       | 246458    |
----------------------------------
----------------------------------
| rollout/           |           |
|    ep_len_mean     | 1.38e+03  |
|    ep_rew_mean     | 3.37e+05  |
| time/              |           |
|    episodes        | 40        |
|    fps             | 24        |
|    time_elapsed    | 2203      |
|    total_timesteps | 55083     |
| train/             |           |
|    actor_loss      | -1.28e+04 |
|    critic_loss     | 1.01e+05  |
|    ent_coef        | 4.7       |
|    ent_coef_loss   | -0.427    |
|    learning_rate   | 0.001     |
|    n_updates       | 254782    |
----------------------------------
---------------------------------
| rollout/           |          |
|    ep_len_mean     | 1.34e+03 |
|    ep_rew_mean     | 3.38e+05 |
| time/              |          |
|    episodes        | 44       |
|    fps             | 24       |
|    time_elapsed    | 2363     |
|    total_timesteps | 59073    |
| train/             |          |
|    actor_loss      | -1.3e+04 |
|    critic_loss     | 1.09e+05 |
|    ent_coef        | 4.75     |
|    ent_coef_loss   | -0.131   |
|    learning_rate   | 0.001    |
|    n_updates       | 258772   |
---------------------------------
----------------------------------
| rollout/           |           |
|    ep_len_mean     | 1.38e+03  |
|    ep_rew_mean     | 3.66e+05  |
| time/              |           |
|    episodes        | 48        |
|    fps             | 24        |
|    time_elapsed    | 2648      |
|    total_timesteps | 66212     |
| train/             |           |
|    actor_loss      | -1.33e+04 |
|    critic_loss     | 7.64e+04  |
|    ent_coef        | 5.83      |
|    ent_coef_loss   | 0.424     |
|    learning_rate   | 0.001     |
|    n_updates       | 265911    |
----------------------------------
----------------------------------
| rollout/           |           |
|    ep_len_mean     | 1.33e+03  |
|    ep_rew_mean     | 3.6e+05   |
| time/              |           |
|    episodes        | 52        |
|    fps             | 24        |
|    time_elapsed    | 2767      |
|    total_timesteps | 69169     |
| train/             |           |
|    actor_loss      | -1.29e+04 |
|    critic_loss     | 4.69e+05  |
|    ent_coef        | 5.66      |
|    ent_coef_loss   | -0.0508   |
|    learning_rate   | 0.001     |
|    n_updates       | 268868    |
----------------------------------
----------------------------------
| rollout/           |           |
|    ep_len_mean     | 1.36e+03  |
|    ep_rew_mean     | 3.75e+05  |
| time/              |           |
|    episodes        | 56        |
|    fps             | 24        |
|    time_elapsed    | 3047      |
|    total_timesteps | 76180     |
| train/             |           |
|    actor_loss      | -1.62e+04 |
|    critic_loss     | 1.33e+05  |
|    ent_coef        | 5.46      |
|    ent_coef_loss   | -0.605    |
|    learning_rate   | 0.001     |
|    n_updates       | 275879    |
----------------------------------
----------------------------------
| rollout/           |           |
|    ep_len_mean     | 1.35e+03  |
|    ep_rew_mean     | 3.74e+05  |
| time/              |           |
|    episodes        | 60        |
|    fps             | 24        |
|    time_elapsed    | 3237      |
|    total_timesteps | 80923     |
| train/             |           |
|    actor_loss      | -1.74e+04 |
|    critic_loss     | 1.82e+06  |
|    ent_coef        | 4.95      |
|    ent_coef_loss   | -0.24     |
|    learning_rate   | 0.001     |
|    n_updates       | 280622    |
----------------------------------
----------------------------------
| rollout/           |           |
|    ep_len_mean     | 1.33e+03  |
|    ep_rew_mean     | 3.82e+05  |
| time/              |           |
|    episodes        | 64        |
|    fps             | 24        |
|    time_elapsed    | 3416      |
|    total_timesteps | 85411     |
| train/             |           |
|    actor_loss      | -1.55e+04 |
|    critic_loss     | 2.65e+05  |
|    ent_coef        | 4.44      |
|    ent_coef_loss   | -0.156    |
|    learning_rate   | 0.001     |
|    n_updates       | 285110    |
----------------------------------
----------------------------------
| rollout/           |           |
|    ep_len_mean     | 1.36e+03  |
|    ep_rew_mean     | 4.06e+05  |
| time/              |           |
|    episodes        | 68        |
|    fps             | 24        |
|    time_elapsed    | 3701      |
|    total_timesteps | 92524     |
| train/             |           |
|    actor_loss      | -1.91e+04 |
|    critic_loss     | 3.7e+05   |
|    ent_coef        | 4.58      |
|    ent_coef_loss   | 0.299     |
|    learning_rate   | 0.001     |
|    n_updates       | 292223    |
----------------------------------
----------------------------------
| rollout/           |           |
|    ep_len_mean     | 1.37e+03  |
|    ep_rew_mean     | 4.06e+05  |
| time/              |           |
|    episodes        | 72        |
|    fps             | 24        |
|    time_elapsed    | 3944      |
|    total_timesteps | 98592     |
| train/             |           |
|    actor_loss      | -2.15e+04 |
|    critic_loss     | 9.49e+04  |
|    ent_coef        | 4.47      |
|    ent_coef_loss   | 0.19      |
|    learning_rate   | 0.001     |
|    n_updates       | 298291    |
----------------------------------
